<?xml version="1.0" encoding="UTF-8"?>
<testsuite xmlns:xsi="http://www.w3.org/2001/XMLSchema-instance" xsi:noNamespaceSchemaLocation="https://maven.apache.org/surefire/maven-surefire-plugin/xsd/surefire-test-report-3.0.xsd" version="3.0" name="simulations.BookingPerfTest" time="0" tests="0" errors="0" skipped="0" failures="0">
  <properties>
    <property name="java.specification.version" value="22"/>
    <property name="sun.cpu.isalist" value="amd64"/>
    <property name="sun.jnu.encoding" value="Cp1252"/>
    <property name="java.class.path" value="C:\Douglas\Automation\Proyectos\Gatling\demo-gatling-perf-tests\target\test-classes;C:\Douglas\Automation\Proyectos\Gatling\demo-gatling-perf-tests\target\classes;C:\Users\dougl\.m2\repository\io\gatling\highcharts\gatling-charts-highcharts\3.13.4\gatling-charts-highcharts-3.13.4.jar;C:\Users\dougl\.m2\repository\org\scala-lang\scala-library\2.13.16\scala-library-2.13.16.jar;C:\Users\dougl\.m2\repository\io\gatling\gatling-app\3.13.4\gatling-app-3.13.4.jar;C:\Users\dougl\.m2\repository\io\gatling\gatling-core\3.13.4\gatling-core-3.13.4.jar;C:\Users\dougl\.m2\repository\io\gatling\gatling-netty-util\3.13.4\gatling-netty-util-3.13.4.jar;C:\Users\dougl\.m2\repository\io\gatling\gatling-shared-util_2.13\0.0.12\gatling-shared-util_2.13-0.0.12.jar;C:\Users\dougl\.m2\repository\org\scala-lang\modules\scala-collection-compat_2.13\2.12.0\scala-collection-compat_2.13-2.12.0.jar;C:\Users\dougl\.m2\repository\io\netty\netty-transport-native-epoll\4.1.118.Final\netty-transport-native-epoll-4.1.118.Final-linux-x86_64.jar;C:\Users\dougl\.m2\repository\io\netty\netty-transport-classes-epoll\4.1.118.Final\netty-transport-classes-epoll-4.1.118.Final.jar;C:\Users\dougl\.m2\repository\io\netty\netty-transport-native-epoll\4.1.118.Final\netty-transport-native-epoll-4.1.118.Final-linux-aarch_64.jar;C:\Users\dougl\.m2\repository\io\netty\incubator\netty-incubator-transport-native-io_uring\0.0.26.Final\netty-incubator-transport-native-io_uring-0.0.26.Final-linux-x86_64.jar;C:\Users\dougl\.m2\repository\io\netty\incubator\netty-incubator-transport-classes-io_uring\0.0.26.Final\netty-incubator-transport-classes-io_uring-0.0.26.Final.jar;C:\Users\dougl\.m2\repository\io\netty\incubator\netty-incubator-transport-native-io_uring\0.0.26.Final\netty-incubator-transport-native-io_uring-0.0.26.Final-linux-aarch_64.jar;C:\Users\dougl\.m2\repository\io\gatling\gatling-quicklens\3.13.4\gatling-quicklens-3.13.4.jar;C:\Users\dougl\.m2\repository\io\gatling\gatling-commons\3.13.4\gatling-commons-3.13.4.jar;C:\Users\dougl\.m2\repository\com\typesafe\config\1.4.3\config-1.4.3.jar;C:\Users\dougl\.m2\repository\io\github\metarank\cfor_2.13\0.3\cfor_2.13-0.3.jar;C:\Users\dougl\.m2\repository\org\scala-lang\scala-reflect\2.13.10\scala-reflect-2.13.10.jar;C:\Users\dougl\.m2\repository\com\typesafe\scala-logging\scala-logging_2.13\3.9.5\scala-logging_2.13-3.9.5.jar;C:\Users\dougl\.m2\repository\ch\qos\logback\logback-classic\1.5.16\logback-classic-1.5.16.jar;C:\Users\dougl\.m2\repository\ch\qos\logback\logback-core\1.5.16\logback-core-1.5.16.jar;C:\Users\dougl\.m2\repository\io\gatling\gatling-jsonpath\3.13.4\gatling-jsonpath-3.13.4.jar;C:\Users\dougl\.m2\repository\io\gatling\gatling-shared-model_2.13\0.0.11\gatling-shared-model_2.13-0.0.11.jar;C:\Users\dougl\.m2\repository\io\suzaku\boopickle_2.13\1.5.0\boopickle_2.13-1.5.0.jar;C:\Users\dougl\.m2\repository\org\simpleflatmapper\lightning-csv\9.0.2\lightning-csv-9.0.2.jar;C:\Users\dougl\.m2\repository\org\simpleflatmapper\sfm-util\9.0.2\sfm-util-9.0.2.jar;C:\Users\dougl\.m2\repository\com\github\ben-manes\caffeine\caffeine\3.2.0\caffeine-3.2.0.jar;C:\Users\dougl\.m2\repository\org\jspecify\jspecify\1.0.0\jspecify-1.0.0.jar;C:\Users\dougl\.m2\repository\com\google\errorprone\error_prone_annotations\2.36.0\error_prone_annotations-2.36.0.jar;C:\Users\dougl\.m2\repository\io\pebbletemplates\pebble\3.2.3\pebble-3.2.3.jar;C:\Users\dougl\.m2\repository\org\unbescape\unbescape\1.1.6.RELEASE\unbescape-1.1.6.RELEASE.jar;C:\Users\dougl\.m2\repository\org\scala-lang\modules\scala-parser-combinators_2.13\2.4.0\scala-parser-combinators_2.13-2.4.0.jar;C:\Users\dougl\.m2\repository\com\github\scopt\scopt_2.13\3.7.1\scopt_2.13-3.7.1.jar;C:\Users\dougl\.m2\repository\io\netty\netty-handler\4.1.118.Final\netty-handler-4.1.118.Final.jar;C:\Users\dougl\.m2\repository\io\netty\netty-resolver\4.1.118.Final\netty-resolver-4.1.118.Final.jar;C:\Users\dougl\.m2\repository\io\netty\netty-transport-native-unix-common\4.1.118.Final\netty-transport-native-unix-common-4.1.118.Final.jar;C:\Users\dougl\.m2\repository\io\netty\netty-tcnative-classes\2.0.70.Final\netty-tcnative-classes-2.0.70.Final.jar;C:\Users\dougl\.m2\repository\io\netty\netty-tcnative-boringssl-static\2.0.70.Final\netty-tcnative-boringssl-static-2.0.70.Final.jar;C:\Users\dougl\.m2\repository\io\netty\netty-tcnative-boringssl-static\2.0.70.Final\netty-tcnative-boringssl-static-2.0.70.Final-linux-x86_64.jar;C:\Users\dougl\.m2\repository\io\netty\netty-tcnative-boringssl-static\2.0.70.Final\netty-tcnative-boringssl-static-2.0.70.Final-linux-aarch_64.jar;C:\Users\dougl\.m2\repository\io\netty\netty-tcnative-boringssl-static\2.0.70.Final\netty-tcnative-boringssl-static-2.0.70.Final-osx-x86_64.jar;C:\Users\dougl\.m2\repository\io\netty\netty-tcnative-boringssl-static\2.0.70.Final\netty-tcnative-boringssl-static-2.0.70.Final-osx-aarch_64.jar;C:\Users\dougl\.m2\repository\io\netty\netty-tcnative-boringssl-static\2.0.70.Final\netty-tcnative-boringssl-static-2.0.70.Final-windows-x86_64.jar;C:\Users\dougl\.m2\repository\net\sf\saxon\Saxon-HE\12.5\Saxon-HE-12.5.jar;C:\Users\dougl\.m2\repository\org\xmlresolver\xmlresolver\6.0.12\xmlresolver-6.0.12.jar;C:\Users\dougl\.m2\repository\org\xmlresolver\xmlresolver\6.0.12\xmlresolver-6.0.12-data.jar;C:\Users\dougl\.m2\repository\org\jodd\jodd-lagarto\6.0.6\jodd-lagarto-6.0.6.jar;C:\Users\dougl\.m2\repository\org\jodd\jodd-util\6.3.0\jodd-util-6.3.0.jar;C:\Users\dougl\.m2\repository\io\burt\jmespath-jackson\0.6.0\jmespath-jackson-0.6.0.jar;C:\Users\dougl\.m2\repository\io\burt\jmespath-core\0.6.0\jmespath-core-0.6.0.jar;C:\Users\dougl\.m2\repository\io\gatling\gatling-core-java\3.13.4\gatling-core-java-3.13.4.jar;C:\Users\dougl\.m2\repository\net\jodah\typetools\0.6.3\typetools-0.6.3.jar;C:\Users\dougl\.m2\repository\com\github\spotbugs\spotbugs-annotations\4.9.1\spotbugs-annotations-4.9.1.jar;C:\Users\dougl\.m2\repository\com\google\code\findbugs\jsr305\3.0.2\jsr305-3.0.2.jar;C:\Users\dougl\.m2\repository\io\gatling\gatling-http\3.13.4\gatling-http-3.13.4.jar;C:\Users\dougl\.m2\repository\io\gatling\gatling-http-client\3.13.4\gatling-http-client-3.13.4.jar;C:\Users\dougl\.m2\repository\io\netty\netty-handler-proxy\4.1.118.Final\netty-handler-proxy-4.1.118.Final.jar;C:\Users\dougl\.m2\repository\io\netty\netty-codec-socks\4.1.118.Final\netty-codec-socks-4.1.118.Final.jar;C:\Users\dougl\.m2\repository\io\netty\netty-resolver-dns\4.1.118.Final\netty-resolver-dns-4.1.118.Final.jar;C:\Users\dougl\.m2\repository\io\netty\netty-codec-dns\4.1.118.Final\netty-codec-dns-4.1.118.Final.jar;C:\Users\dougl\.m2\repository\io\netty\netty-codec-http2\4.1.118.Final\netty-codec-http2-4.1.118.Final.jar;C:\Users\dougl\.m2\repository\io\netty\netty-resolver-dns-native-macos\4.1.118.Final\netty-resolver-dns-native-macos-4.1.118.Final-osx-x86_64.jar;C:\Users\dougl\.m2\repository\io\netty\netty-resolver-dns-classes-macos\4.1.118.Final\netty-resolver-dns-classes-macos-4.1.118.Final.jar;C:\Users\dougl\.m2\repository\io\netty\netty-resolver-dns-native-macos\4.1.118.Final\netty-resolver-dns-native-macos-4.1.118.Final-osx-aarch_64.jar;C:\Users\dougl\.m2\repository\com\aayushatharva\brotli4j\brotli4j\1.18.0\brotli4j-1.18.0.jar;C:\Users\dougl\.m2\repository\com\aayushatharva\brotli4j\service\1.18.0\service-1.18.0.jar;C:\Users\dougl\.m2\repository\com\aayushatharva\brotli4j\native-linux-x86_64\1.18.0\native-linux-x86_64-1.18.0.jar;C:\Users\dougl\.m2\repository\com\aayushatharva\brotli4j\native-linux-aarch64\1.18.0\native-linux-aarch64-1.18.0.jar;C:\Users\dougl\.m2\repository\com\aayushatharva\brotli4j\native-osx-x86_64\1.18.0\native-osx-x86_64-1.18.0.jar;C:\Users\dougl\.m2\repository\com\aayushatharva\brotli4j\native-osx-aarch64\1.18.0\native-osx-aarch64-1.18.0.jar;C:\Users\dougl\.m2\repository\com\aayushatharva\brotli4j\native-windows-x86_64\1.18.0\native-windows-x86_64-1.18.0.jar;C:\Users\dougl\.m2\repository\io\gatling\gatling-http-java\3.13.4\gatling-http-java-3.13.4.jar;C:\Users\dougl\.m2\repository\io\gatling\gatling-jms\3.13.4\gatling-jms-3.13.4.jar;C:\Users\dougl\.m2\repository\javax\jms\javax.jms-api\2.0.1\javax.jms-api-2.0.1.jar;C:\Users\dougl\.m2\repository\com\eatthepath\fast-uuid\0.2.0\fast-uuid-0.2.0.jar;C:\Users\dougl\.m2\repository\io\gatling\gatling-jms-java\3.13.4\gatling-jms-java-3.13.4.jar;C:\Users\dougl\.m2\repository\io\gatling\gatling-jdbc\3.13.4\gatling-jdbc-3.13.4.jar;C:\Users\dougl\.m2\repository\io\gatling\gatling-jdbc-java\3.13.4\gatling-jdbc-java-3.13.4.jar;C:\Users\dougl\.m2\repository\io\gatling\gatling-redis\3.13.4\gatling-redis-3.13.4.jar;C:\Users\dougl\.m2\repository\net\debasishg\redisclient_2.13\3.42\redisclient_2.13-3.42.jar;C:\Users\dougl\.m2\repository\org\apache\commons\commons-pool2\2.8.0\commons-pool2-2.8.0.jar;C:\Users\dougl\.m2\repository\io\gatling\gatling-redis-java\3.13.4\gatling-redis-java-3.13.4.jar;C:\Users\dougl\.m2\repository\io\gatling\gatling-charts\3.13.4\gatling-charts-3.13.4.jar;C:\Users\dougl\.m2\repository\com\tdunning\t-digest\3.3\t-digest-3.3.jar;C:\Users\dougl\.m2\repository\io\gatling\gatling-recorder\3.13.4\gatling-recorder-3.13.4.jar;C:\Users\dougl\.m2\repository\io\gatling\gatling-shared-cli\0.0.6\gatling-shared-cli-0.0.6.jar;C:\Users\dougl\.m2\repository\org\scala-lang\modules\scala-swing_2.13\3.0.0\scala-swing_2.13-3.0.0.jar;C:\Users\dougl\.m2\repository\com\fasterxml\jackson\core\jackson-databind\2.18.2\jackson-databind-2.18.2.jar;C:\Users\dougl\.m2\repository\com\fasterxml\jackson\core\jackson-annotations\2.18.2\jackson-annotations-2.18.2.jar;C:\Users\dougl\.m2\repository\com\fasterxml\jackson\core\jackson-core\2.18.2\jackson-core-2.18.2.jar;C:\Users\dougl\.m2\repository\io\gatling\gatling-recorder-bc-shaded\1.80.0\gatling-recorder-bc-shaded-1.80.0.jar;C:\Users\dougl\.m2\repository\io\netty\netty-codec-http\4.1.118.Final\netty-codec-http-4.1.118.Final.jar;C:\Users\dougl\.m2\repository\io\netty\netty-common\4.1.118.Final\netty-common-4.1.118.Final.jar;C:\Users\dougl\.m2\repository\io\netty\netty-buffer\4.1.118.Final\netty-buffer-4.1.118.Final.jar;C:\Users\dougl\.m2\repository\io\netty\netty-transport\4.1.118.Final\netty-transport-4.1.118.Final.jar;C:\Users\dougl\.m2\repository\io\netty\netty-codec\4.1.118.Final\netty-codec-4.1.118.Final.jar;C:\Users\dougl\.m2\repository\org\apache\maven\plugins\maven-compiler-plugin\4.0.0-beta-2\maven-compiler-plugin-4.0.0-beta-2.jar;C:\Users\dougl\.m2\repository\org\ow2\asm\asm\9.7.1\asm-9.7.1.jar;C:\Users\dougl\.m2\repository\org\apache\maven\plugins\maven-jar-plugin\4.0.0-beta-1\maven-jar-plugin-4.0.0-beta-1.jar;C:\Users\dougl\.m2\repository\org\apache\maven\shared\file-management\3.1.0\file-management-3.1.0.jar;C:\Users\dougl\.m2\repository\org\slf4j\slf4j-api\1.7.36\slf4j-api-1.7.36.jar;C:\Users\dougl\.m2\repository\org\codehaus\plexus\plexus-utils\3.4.2\plexus-utils-3.4.2.jar;C:\Users\dougl\.m2\repository\commons-io\commons-io\2.11.0\commons-io-2.11.0.jar;C:\Users\dougl\.m2\repository\org\apache\maven\maven-archiver\4.0.0-beta-1\maven-archiver-4.0.0-beta-1.jar;C:\Users\dougl\.m2\repository\org\apache\maven\maven-api-core\4.0.0-beta-3\maven-api-core-4.0.0-beta-3.jar;C:\Users\dougl\.m2\repository\org\apache\maven\maven-api-meta\4.0.0-beta-3\maven-api-meta-4.0.0-beta-3.jar;C:\Users\dougl\.m2\repository\org\apache\maven\maven-api-settings\4.0.0-beta-3\maven-api-settings-4.0.0-beta-3.jar;C:\Users\dougl\.m2\repository\org\apache\maven\maven-api-toolchain\4.0.0-beta-3\maven-api-toolchain-4.0.0-beta-3.jar;C:\Users\dougl\.m2\repository\org\apache\maven\maven-api-plugin\4.0.0-beta-3\maven-api-plugin-4.0.0-beta-3.jar;C:\Users\dougl\.m2\repository\org\apache\maven\maven-api-xml\4.0.0-beta-3\maven-api-xml-4.0.0-beta-3.jar;C:\Users\dougl\.m2\repository\org\apache\maven\maven-api-di\4.0.0-beta-3\maven-api-di-4.0.0-beta-3.jar;C:\Users\dougl\.m2\repository\org\apache\maven\maven-api-model\4.0.0-beta-3\maven-api-model-4.0.0-beta-3.jar;C:\Users\dougl\.m2\repository\org\codehaus\plexus\plexus-interpolation\1.27\plexus-interpolation-1.27.jar;C:\Users\dougl\.m2\repository\org\codehaus\plexus\plexus-archiver\4.9.2\plexus-archiver-4.9.2.jar;C:\Users\dougl\.m2\repository\javax\inject\javax.inject\1\javax.inject-1.jar;C:\Users\dougl\.m2\repository\org\codehaus\plexus\plexus-io\3.4.2\plexus-io-3.4.2.jar;C:\Users\dougl\.m2\repository\org\apache\commons\commons-compress\1.26.1\commons-compress-1.26.1.jar;C:\Users\dougl\.m2\repository\org\apache\commons\commons-lang3\3.14.0\commons-lang3-3.14.0.jar;C:\Users\dougl\.m2\repository\commons-codec\commons-codec\1.16.1\commons-codec-1.16.1.jar;C:\Users\dougl\.m2\repository\org\iq80\snappy\snappy\0.4\snappy-0.4.jar;C:\Users\dougl\.m2\repository\org\tukaani\xz\1.9\xz-1.9.jar;C:\Users\dougl\.m2\repository\com\github\luben\zstd-jni\1.5.5-11\zstd-jni-1.5.5-11.jar;C:\Users\dougl\.m2\repository\org\apache\maven\plugin-tools\maven-plugin-annotations\4.0.0-beta-1\maven-plugin-annotations-4.0.0-beta-1.jar;"/>
    <property name="java.vm.vendor" value="Amazon.com Inc."/>
    <property name="sun.arch.data.model" value="64"/>
    <property name="user.variant" value=""/>
    <property name="java.vendor.url" value="https://aws.amazon.com/corretto/"/>
    <property name="user.timezone" value="America/Bogota"/>
    <property name="os.name" value="Windows 11"/>
    <property name="java.vm.specification.version" value="22"/>
    <property name="sun.java.launcher" value="SUN_STANDARD"/>
    <property name="user.country" value="CO"/>
    <property name="sun.boot.library.path" value="C:\Program Files\Amazon Corretto\jdk22.0.1_8\bin"/>
    <property name="sun.java.command" value="C:\Users\dougl\AppData\Local\Temp\surefire10088936184782957266\surefirebooter-20250303125410607_3.jar C:\Users\dougl\AppData\Local\Temp\surefire10088936184782957266 2025-03-03T12-54-10_482-jvmRun1 surefire-20250303125410607_1tmp surefire_0-20250303125410607_2tmp"/>
    <property name="jdk.debug" value="release"/>
    <property name="surefire.test.class.path" value="C:\Douglas\Automation\Proyectos\Gatling\demo-gatling-perf-tests\target\test-classes;C:\Douglas\Automation\Proyectos\Gatling\demo-gatling-perf-tests\target\classes;C:\Users\dougl\.m2\repository\io\gatling\highcharts\gatling-charts-highcharts\3.13.4\gatling-charts-highcharts-3.13.4.jar;C:\Users\dougl\.m2\repository\org\scala-lang\scala-library\2.13.16\scala-library-2.13.16.jar;C:\Users\dougl\.m2\repository\io\gatling\gatling-app\3.13.4\gatling-app-3.13.4.jar;C:\Users\dougl\.m2\repository\io\gatling\gatling-core\3.13.4\gatling-core-3.13.4.jar;C:\Users\dougl\.m2\repository\io\gatling\gatling-netty-util\3.13.4\gatling-netty-util-3.13.4.jar;C:\Users\dougl\.m2\repository\io\gatling\gatling-shared-util_2.13\0.0.12\gatling-shared-util_2.13-0.0.12.jar;C:\Users\dougl\.m2\repository\org\scala-lang\modules\scala-collection-compat_2.13\2.12.0\scala-collection-compat_2.13-2.12.0.jar;C:\Users\dougl\.m2\repository\io\netty\netty-transport-native-epoll\4.1.118.Final\netty-transport-native-epoll-4.1.118.Final-linux-x86_64.jar;C:\Users\dougl\.m2\repository\io\netty\netty-transport-classes-epoll\4.1.118.Final\netty-transport-classes-epoll-4.1.118.Final.jar;C:\Users\dougl\.m2\repository\io\netty\netty-transport-native-epoll\4.1.118.Final\netty-transport-native-epoll-4.1.118.Final-linux-aarch_64.jar;C:\Users\dougl\.m2\repository\io\netty\incubator\netty-incubator-transport-native-io_uring\0.0.26.Final\netty-incubator-transport-native-io_uring-0.0.26.Final-linux-x86_64.jar;C:\Users\dougl\.m2\repository\io\netty\incubator\netty-incubator-transport-classes-io_uring\0.0.26.Final\netty-incubator-transport-classes-io_uring-0.0.26.Final.jar;C:\Users\dougl\.m2\repository\io\netty\incubator\netty-incubator-transport-native-io_uring\0.0.26.Final\netty-incubator-transport-native-io_uring-0.0.26.Final-linux-aarch_64.jar;C:\Users\dougl\.m2\repository\io\gatling\gatling-quicklens\3.13.4\gatling-quicklens-3.13.4.jar;C:\Users\dougl\.m2\repository\io\gatling\gatling-commons\3.13.4\gatling-commons-3.13.4.jar;C:\Users\dougl\.m2\repository\com\typesafe\config\1.4.3\config-1.4.3.jar;C:\Users\dougl\.m2\repository\io\github\metarank\cfor_2.13\0.3\cfor_2.13-0.3.jar;C:\Users\dougl\.m2\repository\org\scala-lang\scala-reflect\2.13.10\scala-reflect-2.13.10.jar;C:\Users\dougl\.m2\repository\com\typesafe\scala-logging\scala-logging_2.13\3.9.5\scala-logging_2.13-3.9.5.jar;C:\Users\dougl\.m2\repository\ch\qos\logback\logback-classic\1.5.16\logback-classic-1.5.16.jar;C:\Users\dougl\.m2\repository\ch\qos\logback\logback-core\1.5.16\logback-core-1.5.16.jar;C:\Users\dougl\.m2\repository\io\gatling\gatling-jsonpath\3.13.4\gatling-jsonpath-3.13.4.jar;C:\Users\dougl\.m2\repository\io\gatling\gatling-shared-model_2.13\0.0.11\gatling-shared-model_2.13-0.0.11.jar;C:\Users\dougl\.m2\repository\io\suzaku\boopickle_2.13\1.5.0\boopickle_2.13-1.5.0.jar;C:\Users\dougl\.m2\repository\org\simpleflatmapper\lightning-csv\9.0.2\lightning-csv-9.0.2.jar;C:\Users\dougl\.m2\repository\org\simpleflatmapper\sfm-util\9.0.2\sfm-util-9.0.2.jar;C:\Users\dougl\.m2\repository\com\github\ben-manes\caffeine\caffeine\3.2.0\caffeine-3.2.0.jar;C:\Users\dougl\.m2\repository\org\jspecify\jspecify\1.0.0\jspecify-1.0.0.jar;C:\Users\dougl\.m2\repository\com\google\errorprone\error_prone_annotations\2.36.0\error_prone_annotations-2.36.0.jar;C:\Users\dougl\.m2\repository\io\pebbletemplates\pebble\3.2.3\pebble-3.2.3.jar;C:\Users\dougl\.m2\repository\org\unbescape\unbescape\1.1.6.RELEASE\unbescape-1.1.6.RELEASE.jar;C:\Users\dougl\.m2\repository\org\scala-lang\modules\scala-parser-combinators_2.13\2.4.0\scala-parser-combinators_2.13-2.4.0.jar;C:\Users\dougl\.m2\repository\com\github\scopt\scopt_2.13\3.7.1\scopt_2.13-3.7.1.jar;C:\Users\dougl\.m2\repository\io\netty\netty-handler\4.1.118.Final\netty-handler-4.1.118.Final.jar;C:\Users\dougl\.m2\repository\io\netty\netty-resolver\4.1.118.Final\netty-resolver-4.1.118.Final.jar;C:\Users\dougl\.m2\repository\io\netty\netty-transport-native-unix-common\4.1.118.Final\netty-transport-native-unix-common-4.1.118.Final.jar;C:\Users\dougl\.m2\repository\io\netty\netty-tcnative-classes\2.0.70.Final\netty-tcnative-classes-2.0.70.Final.jar;C:\Users\dougl\.m2\repository\io\netty\netty-tcnative-boringssl-static\2.0.70.Final\netty-tcnative-boringssl-static-2.0.70.Final.jar;C:\Users\dougl\.m2\repository\io\netty\netty-tcnative-boringssl-static\2.0.70.Final\netty-tcnative-boringssl-static-2.0.70.Final-linux-x86_64.jar;C:\Users\dougl\.m2\repository\io\netty\netty-tcnative-boringssl-static\2.0.70.Final\netty-tcnative-boringssl-static-2.0.70.Final-linux-aarch_64.jar;C:\Users\dougl\.m2\repository\io\netty\netty-tcnative-boringssl-static\2.0.70.Final\netty-tcnative-boringssl-static-2.0.70.Final-osx-x86_64.jar;C:\Users\dougl\.m2\repository\io\netty\netty-tcnative-boringssl-static\2.0.70.Final\netty-tcnative-boringssl-static-2.0.70.Final-osx-aarch_64.jar;C:\Users\dougl\.m2\repository\io\netty\netty-tcnative-boringssl-static\2.0.70.Final\netty-tcnative-boringssl-static-2.0.70.Final-windows-x86_64.jar;C:\Users\dougl\.m2\repository\net\sf\saxon\Saxon-HE\12.5\Saxon-HE-12.5.jar;C:\Users\dougl\.m2\repository\org\xmlresolver\xmlresolver\6.0.12\xmlresolver-6.0.12.jar;C:\Users\dougl\.m2\repository\org\xmlresolver\xmlresolver\6.0.12\xmlresolver-6.0.12-data.jar;C:\Users\dougl\.m2\repository\org\jodd\jodd-lagarto\6.0.6\jodd-lagarto-6.0.6.jar;C:\Users\dougl\.m2\repository\org\jodd\jodd-util\6.3.0\jodd-util-6.3.0.jar;C:\Users\dougl\.m2\repository\io\burt\jmespath-jackson\0.6.0\jmespath-jackson-0.6.0.jar;C:\Users\dougl\.m2\repository\io\burt\jmespath-core\0.6.0\jmespath-core-0.6.0.jar;C:\Users\dougl\.m2\repository\io\gatling\gatling-core-java\3.13.4\gatling-core-java-3.13.4.jar;C:\Users\dougl\.m2\repository\net\jodah\typetools\0.6.3\typetools-0.6.3.jar;C:\Users\dougl\.m2\repository\com\github\spotbugs\spotbugs-annotations\4.9.1\spotbugs-annotations-4.9.1.jar;C:\Users\dougl\.m2\repository\com\google\code\findbugs\jsr305\3.0.2\jsr305-3.0.2.jar;C:\Users\dougl\.m2\repository\io\gatling\gatling-http\3.13.4\gatling-http-3.13.4.jar;C:\Users\dougl\.m2\repository\io\gatling\gatling-http-client\3.13.4\gatling-http-client-3.13.4.jar;C:\Users\dougl\.m2\repository\io\netty\netty-handler-proxy\4.1.118.Final\netty-handler-proxy-4.1.118.Final.jar;C:\Users\dougl\.m2\repository\io\netty\netty-codec-socks\4.1.118.Final\netty-codec-socks-4.1.118.Final.jar;C:\Users\dougl\.m2\repository\io\netty\netty-resolver-dns\4.1.118.Final\netty-resolver-dns-4.1.118.Final.jar;C:\Users\dougl\.m2\repository\io\netty\netty-codec-dns\4.1.118.Final\netty-codec-dns-4.1.118.Final.jar;C:\Users\dougl\.m2\repository\io\netty\netty-codec-http2\4.1.118.Final\netty-codec-http2-4.1.118.Final.jar;C:\Users\dougl\.m2\repository\io\netty\netty-resolver-dns-native-macos\4.1.118.Final\netty-resolver-dns-native-macos-4.1.118.Final-osx-x86_64.jar;C:\Users\dougl\.m2\repository\io\netty\netty-resolver-dns-classes-macos\4.1.118.Final\netty-resolver-dns-classes-macos-4.1.118.Final.jar;C:\Users\dougl\.m2\repository\io\netty\netty-resolver-dns-native-macos\4.1.118.Final\netty-resolver-dns-native-macos-4.1.118.Final-osx-aarch_64.jar;C:\Users\dougl\.m2\repository\com\aayushatharva\brotli4j\brotli4j\1.18.0\brotli4j-1.18.0.jar;C:\Users\dougl\.m2\repository\com\aayushatharva\brotli4j\service\1.18.0\service-1.18.0.jar;C:\Users\dougl\.m2\repository\com\aayushatharva\brotli4j\native-linux-x86_64\1.18.0\native-linux-x86_64-1.18.0.jar;C:\Users\dougl\.m2\repository\com\aayushatharva\brotli4j\native-linux-aarch64\1.18.0\native-linux-aarch64-1.18.0.jar;C:\Users\dougl\.m2\repository\com\aayushatharva\brotli4j\native-osx-x86_64\1.18.0\native-osx-x86_64-1.18.0.jar;C:\Users\dougl\.m2\repository\com\aayushatharva\brotli4j\native-osx-aarch64\1.18.0\native-osx-aarch64-1.18.0.jar;C:\Users\dougl\.m2\repository\com\aayushatharva\brotli4j\native-windows-x86_64\1.18.0\native-windows-x86_64-1.18.0.jar;C:\Users\dougl\.m2\repository\io\gatling\gatling-http-java\3.13.4\gatling-http-java-3.13.4.jar;C:\Users\dougl\.m2\repository\io\gatling\gatling-jms\3.13.4\gatling-jms-3.13.4.jar;C:\Users\dougl\.m2\repository\javax\jms\javax.jms-api\2.0.1\javax.jms-api-2.0.1.jar;C:\Users\dougl\.m2\repository\com\eatthepath\fast-uuid\0.2.0\fast-uuid-0.2.0.jar;C:\Users\dougl\.m2\repository\io\gatling\gatling-jms-java\3.13.4\gatling-jms-java-3.13.4.jar;C:\Users\dougl\.m2\repository\io\gatling\gatling-jdbc\3.13.4\gatling-jdbc-3.13.4.jar;C:\Users\dougl\.m2\repository\io\gatling\gatling-jdbc-java\3.13.4\gatling-jdbc-java-3.13.4.jar;C:\Users\dougl\.m2\repository\io\gatling\gatling-redis\3.13.4\gatling-redis-3.13.4.jar;C:\Users\dougl\.m2\repository\net\debasishg\redisclient_2.13\3.42\redisclient_2.13-3.42.jar;C:\Users\dougl\.m2\repository\org\apache\commons\commons-pool2\2.8.0\commons-pool2-2.8.0.jar;C:\Users\dougl\.m2\repository\io\gatling\gatling-redis-java\3.13.4\gatling-redis-java-3.13.4.jar;C:\Users\dougl\.m2\repository\io\gatling\gatling-charts\3.13.4\gatling-charts-3.13.4.jar;C:\Users\dougl\.m2\repository\com\tdunning\t-digest\3.3\t-digest-3.3.jar;C:\Users\dougl\.m2\repository\io\gatling\gatling-recorder\3.13.4\gatling-recorder-3.13.4.jar;C:\Users\dougl\.m2\repository\io\gatling\gatling-shared-cli\0.0.6\gatling-shared-cli-0.0.6.jar;C:\Users\dougl\.m2\repository\org\scala-lang\modules\scala-swing_2.13\3.0.0\scala-swing_2.13-3.0.0.jar;C:\Users\dougl\.m2\repository\com\fasterxml\jackson\core\jackson-databind\2.18.2\jackson-databind-2.18.2.jar;C:\Users\dougl\.m2\repository\com\fasterxml\jackson\core\jackson-annotations\2.18.2\jackson-annotations-2.18.2.jar;C:\Users\dougl\.m2\repository\com\fasterxml\jackson\core\jackson-core\2.18.2\jackson-core-2.18.2.jar;C:\Users\dougl\.m2\repository\io\gatling\gatling-recorder-bc-shaded\1.80.0\gatling-recorder-bc-shaded-1.80.0.jar;C:\Users\dougl\.m2\repository\io\netty\netty-codec-http\4.1.118.Final\netty-codec-http-4.1.118.Final.jar;C:\Users\dougl\.m2\repository\io\netty\netty-common\4.1.118.Final\netty-common-4.1.118.Final.jar;C:\Users\dougl\.m2\repository\io\netty\netty-buffer\4.1.118.Final\netty-buffer-4.1.118.Final.jar;C:\Users\dougl\.m2\repository\io\netty\netty-transport\4.1.118.Final\netty-transport-4.1.118.Final.jar;C:\Users\dougl\.m2\repository\io\netty\netty-codec\4.1.118.Final\netty-codec-4.1.118.Final.jar;C:\Users\dougl\.m2\repository\org\apache\maven\plugins\maven-compiler-plugin\4.0.0-beta-2\maven-compiler-plugin-4.0.0-beta-2.jar;C:\Users\dougl\.m2\repository\org\ow2\asm\asm\9.7.1\asm-9.7.1.jar;C:\Users\dougl\.m2\repository\org\apache\maven\plugins\maven-jar-plugin\4.0.0-beta-1\maven-jar-plugin-4.0.0-beta-1.jar;C:\Users\dougl\.m2\repository\org\apache\maven\shared\file-management\3.1.0\file-management-3.1.0.jar;C:\Users\dougl\.m2\repository\org\slf4j\slf4j-api\1.7.36\slf4j-api-1.7.36.jar;C:\Users\dougl\.m2\repository\org\codehaus\plexus\plexus-utils\3.4.2\plexus-utils-3.4.2.jar;C:\Users\dougl\.m2\repository\commons-io\commons-io\2.11.0\commons-io-2.11.0.jar;C:\Users\dougl\.m2\repository\org\apache\maven\maven-archiver\4.0.0-beta-1\maven-archiver-4.0.0-beta-1.jar;C:\Users\dougl\.m2\repository\org\apache\maven\maven-api-core\4.0.0-beta-3\maven-api-core-4.0.0-beta-3.jar;C:\Users\dougl\.m2\repository\org\apache\maven\maven-api-meta\4.0.0-beta-3\maven-api-meta-4.0.0-beta-3.jar;C:\Users\dougl\.m2\repository\org\apache\maven\maven-api-settings\4.0.0-beta-3\maven-api-settings-4.0.0-beta-3.jar;C:\Users\dougl\.m2\repository\org\apache\maven\maven-api-toolchain\4.0.0-beta-3\maven-api-toolchain-4.0.0-beta-3.jar;C:\Users\dougl\.m2\repository\org\apache\maven\maven-api-plugin\4.0.0-beta-3\maven-api-plugin-4.0.0-beta-3.jar;C:\Users\dougl\.m2\repository\org\apache\maven\maven-api-xml\4.0.0-beta-3\maven-api-xml-4.0.0-beta-3.jar;C:\Users\dougl\.m2\repository\org\apache\maven\maven-api-di\4.0.0-beta-3\maven-api-di-4.0.0-beta-3.jar;C:\Users\dougl\.m2\repository\org\apache\maven\maven-api-model\4.0.0-beta-3\maven-api-model-4.0.0-beta-3.jar;C:\Users\dougl\.m2\repository\org\codehaus\plexus\plexus-interpolation\1.27\plexus-interpolation-1.27.jar;C:\Users\dougl\.m2\repository\org\codehaus\plexus\plexus-archiver\4.9.2\plexus-archiver-4.9.2.jar;C:\Users\dougl\.m2\repository\javax\inject\javax.inject\1\javax.inject-1.jar;C:\Users\dougl\.m2\repository\org\codehaus\plexus\plexus-io\3.4.2\plexus-io-3.4.2.jar;C:\Users\dougl\.m2\repository\org\apache\commons\commons-compress\1.26.1\commons-compress-1.26.1.jar;C:\Users\dougl\.m2\repository\org\apache\commons\commons-lang3\3.14.0\commons-lang3-3.14.0.jar;C:\Users\dougl\.m2\repository\commons-codec\commons-codec\1.16.1\commons-codec-1.16.1.jar;C:\Users\dougl\.m2\repository\org\iq80\snappy\snappy\0.4\snappy-0.4.jar;C:\Users\dougl\.m2\repository\org\tukaani\xz\1.9\xz-1.9.jar;C:\Users\dougl\.m2\repository\com\github\luben\zstd-jni\1.5.5-11\zstd-jni-1.5.5-11.jar;C:\Users\dougl\.m2\repository\org\apache\maven\plugin-tools\maven-plugin-annotations\4.0.0-beta-1\maven-plugin-annotations-4.0.0-beta-1.jar;"/>
    <property name="sun.cpu.endian" value="little"/>
    <property name="user.home" value="C:\Users\dougl"/>
    <property name="user.language" value="es"/>
    <property name="java.specification.vendor" value="Oracle Corporation"/>
    <property name="java.version.date" value="2024-04-16"/>
    <property name="java.home" value="C:\Program Files\Amazon Corretto\jdk22.0.1_8"/>
    <property name="file.separator" value="\"/>
    <property name="basedir" value="C:\Douglas\Automation\Proyectos\Gatling\demo-gatling-perf-tests"/>
    <property name="java.vm.compressedOopsMode" value="Zero based"/>
    <property name="line.separator" value="&#10;"/>
    <property name="java.vm.specification.vendor" value="Oracle Corporation"/>
    <property name="java.specification.name" value="Java Platform API Specification"/>
    <property name="surefire.real.class.path" value="C:\Users\dougl\AppData\Local\Temp\surefire10088936184782957266\surefirebooter-20250303125410607_3.jar"/>
    <property name="user.script" value=""/>
    <property name="sun.management.compiler" value="HotSpot 64-Bit Tiered Compilers"/>
    <property name="java.runtime.version" value="22.0.1+8-FR"/>
    <property name="user.name" value="dougl"/>
    <property name="stdout.encoding" value="Cp1252"/>
    <property name="path.separator" value=";"/>
    <property name="os.version" value="10.0"/>
    <property name="java.runtime.name" value="OpenJDK Runtime Environment"/>
    <property name="file.encoding" value="UTF-8"/>
    <property name="java.vm.name" value="OpenJDK 64-Bit Server VM"/>
    <property name="java.vendor.version" value="Corretto-22.0.1.8.1"/>
    <property name="localRepository" value="C:\Users\dougl\.m2\repository"/>
    <property name="java.vendor.url.bug" value="https://github.com/corretto/corretto-22/issues/"/>
    <property name="java.io.tmpdir" value="C:\Users\dougl\AppData\Local\Temp\"/>
    <property name="java.version" value="22.0.1"/>
    <property name="user.dir" value="C:\Douglas\Automation\Proyectos\Gatling\demo-gatling-perf-tests"/>
    <property name="os.arch" value="amd64"/>
    <property name="java.vm.specification.name" value="Java Virtual Machine Specification"/>
    <property name="sun.os.patch.level" value=""/>
    <property name="native.encoding" value="Cp1252"/>
    <property name="java.library.path" value="C:\Program Files\Amazon Corretto\jdk22.0.1_8\bin;C:\WINDOWS\Sun\Java\bin;C:\WINDOWS\system32;C:\WINDOWS;C:\Program Files\Amazon Corretto\jdk22.0.1_8\bin;C:\Program Files (x86)\NVIDIA Corporation\PhysX\Common;C:\WINDOWS\system32;C:\WINDOWS;C:\WINDOWS\System32\Wbem;C:\WINDOWS\System32\WindowsPowerShell\v1.0\;C:\WINDOWS\System32\OpenSSH\;C:\Program Files\Amazon Corretto\jdk22.0.1_8\bin;C:\Program Files\Maven\bin;C:\Program Files\Amazon\AWSCLIV2\;C:\Program Files\dotnet\;C:\Program Files\PuTTY\;C:\Program Files\GitHub CLI\;C:\Program Files\Git\cmd;C:\Program Files\nodejs\;C:\Program Files\PowerShell\7\;C:\Users\dougl\AppData\Local\Microsoft\WindowsApps;C:\Users\dougl\AppData\Local\Programs\Microsoft VS Code\bin;C:\Program Files\JetBrains\IntelliJ IDEA 2022.1\bin;;C:\Users\dougl\AppData\Local\GitHubDesktop\bin;C:\Program Files\JetBrains\Aqua 2024.3\bin;;C:\Users\dougl\AppData\Local\Programs\Microsoft VS Code Insiders\bin;C:\Users\dougl\AppData\Roaming\npm;."/>
    <property name="java.vm.info" value="mixed mode, sharing"/>
    <property name="stderr.encoding" value="Cp1252"/>
    <property name="java.vendor" value="Amazon.com Inc."/>
    <property name="java.vm.version" value="22.0.1+8-FR"/>
    <property name="sun.io.unicode.encoding" value="UnicodeLittle"/>
    <property name="java.class.version" value="66.0"/>
  </properties>
</testsuite>